Log file open, 03/28/17 18:40:07
LogInit:Display: Running engine for game: GAMEPROJECT
LogPlatformFile: Not using cached read wrapper
LogInit:Display: RandInit(1936880094) SRandInit(1936880094).
LogTaskGraph: Started task graph with 5 named threads and 6 total threads with 1 sets of task threads.
LogStats: Stats thread started at 0.051143
LogPluginManager: Loaded Plugin Paper2D, From C:/Program Files (x86)/Epic Games/4.14/Engine/Plugins/2D/Paper2D/Paper2D.uplugin
LogPluginManager: Loaded Plugin LightPropagationVolume, From C:/Program Files (x86)/Epic Games/4.14/Engine/Plugins/Blendables/LightPropagationVolume/LightPropagationVolume.uplugin
LogPluginManager: Loaded Plugin BlankPlugin, From C:/Program Files (x86)/Epic Games/4.14/Engine/Plugins/Developer/BlankPlugin/BlankPlugin.uplugin
LogPluginManager: Loaded Plugin CodeLiteSourceCodeAccess, From C:/Program Files (x86)/Epic Games/4.14/Engine/Plugins/Developer/CodeLiteSourceCodeAccess/CodeLiteSourceCodeAccess.uplugin
LogPluginManager: Loaded Plugin GitSourceControl, From C:/Program Files (x86)/Epic Games/4.14/Engine/Plugins/Developer/GitSourceControl/GitSourceControl.uplugin
LogPluginManager: Loaded Plugin KDevelopSourceCodeAccess, From C:/Program Files (x86)/Epic Games/4.14/Engine/Plugins/Developer/KDevelopSourceCodeAccess/KDevelopSourceCodeAccess.uplugin
LogPluginManager: Loaded Plugin NullSourceCodeAccess, From C:/Program Files (x86)/Epic Games/4.14/Engine/Plugins/Developer/NullSourceCodeAccess/NullSourceCodeAccess.uplugin
LogPluginManager: Loaded Plugin OneSkyLocalizationService, From C:/Program Files (x86)/Epic Games/4.14/Engine/Plugins/Developer/OneSkyLocalizationService/OneSkyLocalizationService.uplugin
LogPluginManager: Loaded Plugin PerforceSourceControl, From C:/Program Files (x86)/Epic Games/4.14/Engine/Plugins/Developer/PerforceSourceControl/PerforceSourceControl.uplugin
LogPluginManager: Loaded Plugin SubversionSourceControl, From C:/Program Files (x86)/Epic Games/4.14/Engine/Plugins/Developer/SubversionSourceControl/SubversionSourceControl.uplugin
LogPluginManager: Loaded Plugin UObjectPlugin, From C:/Program Files (x86)/Epic Games/4.14/Engine/Plugins/Developer/UObjectPlugin/UObjectPlugin.uplugin
LogPluginManager: Loaded Plugin VisualStudioSourceCodeAccess, From C:/Program Files (x86)/Epic Games/4.14/Engine/Plugins/Developer/VisualStudioSourceCodeAccess/VisualStudioSourceCodeAccess.uplugin
LogPluginManager: Loaded Plugin XCodeSourceCodeAccess, From C:/Program Files (x86)/Epic Games/4.14/Engine/Plugins/Developer/XCodeSourceCodeAccess/XCodeSourceCodeAccess.uplugin
LogPluginManager: Loaded Plugin AudioCapture, From C:/Program Files (x86)/Epic Games/4.14/Engine/Plugins/Editor/AudioCapture/AudioCapture.uplugin
LogPluginManager: Loaded Plugin EpicSurvey, From C:/Program Files (x86)/Epic Games/4.14/Engine/Plugins/Editor/EpicSurvey/EpicSurvey.uplugin
LogPluginManager: Loaded Plugin MacGraphicsSwitching, From C:/Program Files (x86)/Epic Games/4.14/Engine/Plugins/Editor/MacGraphicsSwitching/MacGraphicsSwitching.uplugin
LogPluginManager: Loaded Plugin MobileLauncherProfileWizard, From C:/Program Files (x86)/Epic Games/4.14/Engine/Plugins/Editor/MobileLauncherProfileWizard/MobileLauncherProfileWizard.uplugin
LogPluginManager: Loaded Plugin PluginBrowser, From C:/Program Files (x86)/Epic Games/4.14/Engine/Plugins/Editor/PluginBrowser/PluginBrowser.uplugin
LogPluginManager: Loaded Plugin SpeedTreeImporter, From C:/Program Files (x86)/Epic Games/4.14/Engine/Plugins/Editor/SpeedTreeImporter/SpeedTreeImporter.uplugin
LogPluginManager: Loaded Plugin SuperSearchEditor, From C:/Program Files (x86)/Epic Games/4.14/Engine/Plugins/Editor/SuperSearchEditor/SuperSearchEditor.uplugin
LogPluginManager: Loaded Plugin AlembicImporter, From C:/Program Files (x86)/Epic Games/4.14/Engine/Plugins/Experimental/AlembicImporter/AlembicImporter.uplugin
LogPluginManager: Loaded Plugin BlueprintStats, From C:/Program Files (x86)/Epic Games/4.14/Engine/Plugins/Experimental/BlueprintStats/BlueprintStats.uplugin
LogPluginManager: Loaded Plugin CharacterAI, From C:/Program Files (x86)/Epic Games/4.14/Engine/Plugins/Experimental/CharacterAI/CharacterAI.uplugin
LogPluginManager: Loaded Plugin CodeEditor, From C:/Program Files (x86)/Epic Games/4.14/Engine/Plugins/Experimental/CodeEditor/CodeEditor.uplugin
LogPluginManager: Loaded Plugin CodeView, From C:/Program Files (x86)/Epic Games/4.14/Engine/Plugins/Experimental/CodeView/CodeView.uplugin
LogPluginManager: Loaded Plugin HTML5Networking, From C:/Program Files (x86)/Epic Games/4.14/Engine/Plugins/Experimental/HTML5Networking/HTML5Networking.uplugin
LogPluginManager: Loaded Plugin OSVR, From C:/Program Files (x86)/Epic Games/4.14/Engine/Plugins/Experimental/OSVR/OSVR.uplugin
LogPluginManager: Loaded Plugin Phya, From C:/Program Files (x86)/Epic Games/4.14/Engine/Plugins/Experimental/Phya/Phya.uplugin
LogPluginManager: Loaded Plugin SignificanceManager, From C:/Program Files (x86)/Epic Games/4.14/Engine/Plugins/Experimental/SignificanceManager/SignificanceManager.uplugin
LogPluginManager: Loaded Plugin SimpleHMD, From C:/Program Files (x86)/Epic Games/4.14/Engine/Plugins/Experimental/SimpleHMD/SimpleHMD.uplugin
LogPluginManager: Loaded Plugin StereoPanorama, From C:/Program Files (x86)/Epic Games/4.14/Engine/Plugins/Experimental/StereoPanorama/StereoPanorama.uplugin
LogPluginManager: Loaded Plugin StructBox, From C:/Program Files (x86)/Epic Games/4.14/Engine/Plugins/Experimental/StructBox/StructBox.uplugin
LogPluginManager: Loaded Plugin AndroidMedia, From C:/Program Files (x86)/Epic Games/4.14/Engine/Plugins/Media/AndroidMedia/AndroidMedia.uplugin
LogPluginManager: Loaded Plugin AvfMedia, From C:/Program Files (x86)/Epic Games/4.14/Engine/Plugins/Media/AvfMedia/AvfMedia.uplugin
LogPluginManager: Loaded Plugin MediaPlayerEditor, From C:/Program Files (x86)/Epic Games/4.14/Engine/Plugins/Media/MediaPlayerEditor/MediaPlayerEditor.uplugin
LogPluginManager: Loaded Plugin WmfMedia, From C:/Program Files (x86)/Epic Games/4.14/Engine/Plugins/Media/WmfMedia/WmfMedia.uplugin
LogPluginManager: Loaded Plugin MessagingDebugger, From C:/Program Files (x86)/Epic Games/4.14/Engine/Plugins/Messaging/MessagingDebugger/MessagingDebugger.uplugin
LogPluginManager: Loaded Plugin TcpMessaging, From C:/Program Files (x86)/Epic Games/4.14/Engine/Plugins/Messaging/TcpMessaging/TcpMessaging.uplugin
LogPluginManager: Loaded Plugin UdpMessaging, From C:/Program Files (x86)/Epic Games/4.14/Engine/Plugins/Messaging/UdpMessaging/UdpMessaging.uplugin
LogPluginManager: Loaded Plugin LevelSequenceEditor, From C:/Program Files (x86)/Epic Games/4.14/Engine/Plugins/MovieScene/LevelSequenceEditor/LevelSequenceEditor.uplugin
LogPluginManager: Loaded Plugin MatineeToLevelSequence, From C:/Program Files (x86)/Epic Games/4.14/Engine/Plugins/MovieScene/MatineeToLevelSequence/MatineeToLevelSequence.uplugin
LogPluginManager: Loaded Plugin NetcodeUnitTest, From C:/Program Files (x86)/Epic Games/4.14/Engine/Plugins/NetcodeUnitTest/NetcodeUnitTest/NetcodeUnitTest.uplugin
LogPluginManager: Loaded Plugin NUTUnrealEngine4, From C:/Program Files (x86)/Epic Games/4.14/Engine/Plugins/NetcodeUnitTest/NUTUnrealEngine4/NUTUnrealEngine4.uplugin
LogPluginManager: Loaded Plugin OnlineSubsystemGameCircle, From C:/Program Files (x86)/Epic Games/4.14/Engine/Plugins/Online/Android/OnlineSubsystemGameCircle/OnlineSubsystemGameCircle.uplugin
LogPluginManager: Loaded Plugin OnlineSubsystemGooglePlay, From C:/Program Files (x86)/Epic Games/4.14/Engine/Plugins/Online/Android/OnlineSubsystemGooglePlay/OnlineSubsystemGooglePlay.uplugin
LogPluginManager: Loaded Plugin OnlineSubsystemIOS, From C:/Program Files (x86)/Epic Games/4.14/Engine/Plugins/Online/IOS/OnlineSubsystemIOS/OnlineSubsystemIOS.uplugin
LogPluginManager: Loaded Plugin OnlineFramework, From C:/Program Files (x86)/Epic Games/4.14/Engine/Plugins/Online/OnlineFramework/OnlineFramework.uplugin
LogPluginManager: Loaded Plugin OnlineSubsystem, From C:/Program Files (x86)/Epic Games/4.14/Engine/Plugins/Online/OnlineSubsystem/OnlineSubsystem.uplugin
LogPluginManager: Loaded Plugin OnlineSubsystemAmazon, From C:/Program Files (x86)/Epic Games/4.14/Engine/Plugins/Online/OnlineSubsystemAmazon/OnlineSubsystemAmazon.uplugin
LogPluginManager: Loaded Plugin OnlineSubsystemFacebook, From C:/Program Files (x86)/Epic Games/4.14/Engine/Plugins/Online/OnlineSubsystemFacebook/OnlineSubsystemFacebook.uplugin
LogPluginManager: Loaded Plugin OnlineSubsystemNull, From C:/Program Files (x86)/Epic Games/4.14/Engine/Plugins/Online/OnlineSubsystemNull/OnlineSubsystemNull.uplugin
LogPluginManager: Loaded Plugin OnlineSubsystemOculus, From C:/Program Files (x86)/Epic Games/4.14/Engine/Plugins/Online/OnlineSubsystemOculus/OnlineSubsystemOculus.uplugin
LogPluginManager: Loaded Plugin OnlineSubsystemSteam, From C:/Program Files (x86)/Epic Games/4.14/Engine/Plugins/Online/OnlineSubsystemSteam/OnlineSubsystemSteam.uplugin
LogPluginManager: Loaded Plugin OnlineSubsystemUtils, From C:/Program Files (x86)/Epic Games/4.14/Engine/Plugins/Online/OnlineSubsystemUtils/OnlineSubsystemUtils.uplugin
LogPluginManager: Loaded Plugin IOSTapJoy, From C:/Program Files (x86)/Epic Games/4.14/Engine/Plugins/Runtime/Advertising/IOSTapJoy/IOSTapJoy.uplugin
LogPluginManager: Loaded Plugin AnalyticsBlueprintLibrary, From C:/Program Files (x86)/Epic Games/4.14/Engine/Plugins/Runtime/Analytics/AnalyticsBlueprintLibrary/AnalyticsBlueprintLibrary.uplugin
LogPluginManager: Loaded Plugin AnalyticsMulticast, From C:/Program Files (x86)/Epic Games/4.14/Engine/Plugins/Runtime/Analytics/AnalyticsMulticast/AnalyticsMulticast.uplugin
LogPluginManager: Loaded Plugin Apsalar, From C:/Program Files (x86)/Epic Games/4.14/Engine/Plugins/Runtime/Analytics/Apsalar/Apsalar.uplugin
LogPluginManager: Loaded Plugin FileLogging, From C:/Program Files (x86)/Epic Games/4.14/Engine/Plugins/Runtime/Analytics/FileLogging/FileLogging.uplugin
LogPluginManager: Loaded Plugin Flurry, From C:/Program Files (x86)/Epic Games/4.14/Engine/Plugins/Runtime/Analytics/Flurry/Flurry.uplugin
LogPluginManager: Loaded Plugin AndroidDeviceProfileSelector, From C:/Program Files (x86)/Epic Games/4.14/Engine/Plugins/Runtime/AndroidDeviceProfileSelector/AndroidDeviceProfileSelector.uplugin
LogPluginManager: Loaded Plugin AndroidMoviePlayer, From C:/Program Files (x86)/Epic Games/4.14/Engine/Plugins/Runtime/AndroidMoviePlayer/AndroidMoviePlayer.uplugin
LogPluginManager: Loaded Plugin AppleMoviePlayer, From C:/Program Files (x86)/Epic Games/4.14/Engine/Plugins/Runtime/AppleMoviePlayer/AppleMoviePlayer.uplugin
LogPluginManager: Loaded Plugin ArchVisCharacter, From C:/Program Files (x86)/Epic Games/4.14/Engine/Plugins/Runtime/ArchVisCharacter/ArchVisCharacter.uplugin
LogPluginManager: Loaded Plugin CableComponent, From C:/Program Files (x86)/Epic Games/4.14/Engine/Plugins/Runtime/CableComponent/CableComponent.uplugin
LogPluginManager: Loaded Plugin CustomMeshComponent, From C:/Program Files (x86)/Epic Games/4.14/Engine/Plugins/Runtime/CustomMeshComponent/CustomMeshComponent.uplugin
LogPluginManager: Loaded Plugin ExampleDeviceProfileSelector, From C:/Program Files (x86)/Epic Games/4.14/Engine/Plugins/Runtime/ExampleDeviceProfileSelector/ExampleDeviceProfileSelector.uplugin
LogPluginManager: Loaded Plugin GearVR, From C:/Program Files (x86)/Epic Games/4.14/Engine/Plugins/Runtime/GearVR/GearVR.uplugin
LogPluginManager: Loaded Plugin GoogleVRController, From C:/Program Files (x86)/Epic Games/4.14/Engine/Plugins/Runtime/GoogleVR/GoogleVRController/GoogleVRController.uplugin
LogPluginManager: Loaded Plugin GoogleVRHMD, From C:/Program Files (x86)/Epic Games/4.14/Engine/Plugins/Runtime/GoogleVR/GoogleVRHMD/GoogleVRHMD.uplugin
LogPluginManager: Loaded Plugin IOSDeviceProfileSelector, From C:/Program Files (x86)/Epic Games/4.14/Engine/Plugins/Runtime/IOSDeviceProfileSelector/IOSDeviceProfileSelector.uplugin
LogPluginManager: Loaded Plugin LeapMotion, From C:/Program Files (x86)/Epic Games/4.14/Engine/Plugins/Runtime/LeapMotion/LeapMotion.uplugin
LogPluginManager: Loaded Plugin LinuxDeviceProfileSelector, From C:/Program Files (x86)/Epic Games/4.14/Engine/Plugins/Runtime/LinuxDeviceProfileSelector/LinuxDeviceProfileSelector.uplugin
LogPluginManager: Loaded Plugin MIDIDevice, From C:/Program Files (x86)/Epic Games/4.14/Engine/Plugins/Runtime/MIDIDevice/MIDIDevice.uplugin
LogPluginManager: Loaded Plugin MobilePatchingUtils, From C:/Program Files (x86)/Epic Games/4.14/Engine/Plugins/Runtime/MobilePatchingUtils/MobilePatchingUtils.uplugin
LogPluginManager: Loaded Plugin Ansel, From C:/Program Files (x86)/Epic Games/4.14/Engine/Plugins/Runtime/Nvidia/Ansel/Ansel.uplugin
LogPluginManager: Loaded Plugin OculusAudio, From C:/Program Files (x86)/Epic Games/4.14/Engine/Plugins/Runtime/OculusAudio/OculusAudio.uplugin
LogPluginManager: Loaded Plugin OculusInput, From C:/Program Files (x86)/Epic Games/4.14/Engine/Plugins/Runtime/OculusInput/OculusInput.uplugin
LogPluginManager: Loaded Plugin OculusLibrary, From C:/Program Files (x86)/Epic Games/4.14/Engine/Plugins/Runtime/OculusLibrary/OculusLibrary.uplugin
LogPluginManager: Loaded Plugin OculusRift, From C:/Program Files (x86)/Epic Games/4.14/Engine/Plugins/Runtime/OculusRift/OculusRift.uplugin
LogPluginManager: Loaded Plugin Oodle, From C:/Program Files (x86)/Epic Games/4.14/Engine/Plugins/Runtime/PacketHandlers/CompressionComponents/Oodle/Oodle.uplugin
LogPluginManager: Loaded Plugin ProceduralMeshComponent, From C:/Program Files (x86)/Epic Games/4.14/Engine/Plugins/Runtime/ProceduralMeshComponent/ProceduralMeshComponent.uplugin
LogPluginManager: Loaded Plugin SoundMod, From C:/Program Files (x86)/Epic Games/4.14/Engine/Plugins/Runtime/SoundMod/SoundMod.uplugin
LogPluginManager: Loaded Plugin SoundVisualizations, From C:/Program Files (x86)/Epic Games/4.14/Engine/Plugins/Runtime/SoundVisualizations/SoundVisualizations.uplugin
LogPluginManager: Loaded Plugin SteamController, From C:/Program Files (x86)/Epic Games/4.14/Engine/Plugins/Runtime/Steam/SteamController/SteamController.uplugin
LogPluginManager: Loaded Plugin SteamVR, From C:/Program Files (x86)/Epic Games/4.14/Engine/Plugins/Runtime/Steam/SteamVR/SteamVR.uplugin
LogPluginManager: Loaded Plugin WebBrowserWidget, From C:/Program Files (x86)/Epic Games/4.14/Engine/Plugins/Runtime/WebBrowserWidget/WebBrowserWidget.uplugin
LogPluginManager: Loaded Plugin WindowsDeviceProfileSelector, From C:/Program Files (x86)/Epic Games/4.14/Engine/Plugins/Runtime/WindowsDeviceProfileSelector/WindowsDeviceProfileSelector.uplugin
LogPluginManager: Loaded Plugin WindowsMoviePlayer, From C:/Program Files (x86)/Epic Games/4.14/Engine/Plugins/Runtime/WindowsMoviePlayer/WindowsMoviePlayer.uplugin
LogPluginManager: Loaded Plugin ScriptPlugin, From C:/Program Files (x86)/Epic Games/4.14/Engine/Plugins/ScriptPlugin/ScriptPlugin.uplugin
LogPluginManager: Loaded Plugin SlateRemote, From C:/Program Files (x86)/Epic Games/4.14/Engine/Plugins/Slate/SlateRemote/SlateRemote.uplugin
LogPluginManager: Loaded Plugin EditorTests, From C:/Program Files (x86)/Epic Games/4.14/Engine/Plugins/Tests/EditorTests/EditorTests.uplugin
LogPluginManager: Loaded Plugin FbxAutomationTestBuilder, From C:/Program Files (x86)/Epic Games/4.14/Engine/Plugins/Tests/FbxAutomationTestBuilder/FbxAutomationTestBuilder.uplugin
LogPluginManager: Loaded Plugin FunctionalTestingEditor, From C:/Program Files (x86)/Epic Games/4.14/Engine/Plugins/Tests/FunctionalTestingEditor/FunctionalTestingEditor.uplugin
LogPluginManager: Loaded Plugin RuntimeTests, From C:/Program Files (x86)/Epic Games/4.14/Engine/Plugins/Tests/RuntimeTests/RuntimeTests.uplugin
LogPluginManager: Loaded Plugin ScreenshotTools, From C:/Program Files (x86)/Epic Games/4.14/Engine/Plugins/Tests/ScreenshotTools/ScreenshotTools.uplugin
LogInit: Using libcurl 7.47.1
LogInit:  - built for x86_64-pc-win32
LogInit:  - supports SSL with OpenSSL/1.0.2g
LogInit:  - supports HTTP deflate (compression) using libz 1.2.8
LogInit:  - other features:
LogInit:      CURL_VERSION_SSL
LogInit:      CURL_VERSION_LIBZ
LogInit:      CURL_VERSION_IPV6
LogInit:      CURL_VERSION_ASYNCHDNS
LogInit:      CURL_VERSION_LARGEFILE
LogInit:      CURL_VERSION_IDN
LogInit:  CurlRequestOptions (configurable via config and command line):
LogInit:  - bVerifyPeer = false  - Libcurl will NOT verify peer certificate
LogInit:  - bUseHttpProxy = false  - Libcurl will NOT use HTTP proxy
LogInit:  - bDontReuseConnections = false  - Libcurl will reuse connections
LogInit:  - CertBundlePath = nullptr  - Libcurl will use whatever was configured at build time.
LogInit: Build: ++UE4+Release-4.14-CL-3249277
LogInit: Engine Version: 4.14.3-3249277+++UE4+Release-4.14
LogInit: Compatible Engine Version: 4.14.0-3195953+++UE4+Release-4.14
LogInit: Net CL: 3195953
LogDevObjectVersion: Number of dev versions registered: 13
LogDevObjectVersion:   Dev-Blueprints (B0D832E4-1F89-4F0D-ACCF-7EB736FD4AA2): 7
LogDevObjectVersion:   Dev-Build (E1C64328-A22C-4D53-A36C-8E866417BD8C): 0
LogDevObjectVersion:   Dev-Core (375EC13C-06E4-48FB-B500-84F0262A717E): 1
LogDevObjectVersion:   Dev-Editor (E4B068ED-F494-42E9-A231-DA0B2E46BB41): 8
LogDevObjectVersion:   Dev-Framework (CFFC743F-43B0-4480-9391-14DF171D2073): 17
LogDevObjectVersion:   Dev-Mobile (B02B49B5-BB20-44E9-A304-32B752E40360): 0
LogDevObjectVersion:   Dev-Networking (A4E4105C-59A1-49B5-A7C5-40C4547EDFEE): 0
LogDevObjectVersion:   Dev-Online (39C831C9-5AE6-47DC-9A44-9C173E1C8E7C): 0
LogDevObjectVersion:   Dev-Physics (78F01B33-EBEA-4F98-B9B4-84EACCB95AA2): 0
LogDevObjectVersion:   Dev-Platform (6631380F-2D4D-43E0-8009-CF276956A95A): 0
LogDevObjectVersion:   Dev-Rendering (12F88B9F-8875-4AFC-A67C-D90C383ABD29): 12
LogDevObjectVersion:   Dev-Sequencer (7B5AE74C-D270-4C10-A958-57980B212A5A): 1
LogDevObjectVersion:   Dev-VR (D7296918-1DD6-4BDD-9DE2-64A83CC13884): 0
LogInit: Compiled (64-bit): Jan  6 2017 10:49:43
LogInit: Compiled with Visual C++: 19.00.23026.00
LogInit: Build Configuration: Development
LogInit: Branch Name: ++UE4+Release-4.14
LogInit: Command line: -EpicPortal 
LogInit: Base directory: C:/Program Files (x86)/Epic Games/4.14/Engine/Binaries/Win64/
LogInit: Installed Engine Build: 1
LogInit: Presizing for max 8388607 objects, including 0 objects not considered by GC, pre-allocating 0 bytes for permanent pool.
LogInit: Object subsystem initialized
[2017.03.28-17.40.07:636][  0]LogInit: Selected Device Profile: [Windows]
[2017.03.28-17.40.07:636][  0]LogInit: Applying CVar settings loaded from the selected device profile: [Windows]
[2017.03.28-17.40.07:644][  0]LogInit: Computer: DESKTOP-DNA1B44
[2017.03.28-17.40.07:644][  0]LogInit: User: Xenis
[2017.03.28-17.40.07:644][  0]LogInit: CPU Page size=65536, Cores=2
[2017.03.28-17.40.07:644][  0]LogInit: High frequency timer resolution =3.609377 MHz
[2017.03.28-17.40.07:644][  0]LogMemory: Memory total: Physical=8.0GB (8GB approx)
[2017.03.28-17.40.07:644][  0]LogMemory: Platform Memory Stats for Windows
[2017.03.28-17.40.07:644][  0]LogMemory: Process Physical Memory: 263.91 MB used, 263.91 MB peak
[2017.03.28-17.40.07:644][  0]LogMemory: Process Virtual Memory: 262.33 MB used, 262.33 MB peak
[2017.03.28-17.40.07:644][  0]LogMemory: Physical Memory: 4707.39 MB used,  3447.70 MB free, 8155.09 MB total
[2017.03.28-17.40.07:644][  0]LogMemory: Virtual Memory: 674.76 MB used,  3447.70 MB free, 134217728.00 MB total
[2017.03.28-17.40.07:666][  0]LogTextLocalizationManager: No specific translations for ('en-GB') exist, so ('en') translations will be used.
[2017.03.28-17.40.11:066][  0]LogD3D11RHI: D3D11 adapters:
[2017.03.28-17.40.11:575][  0]LogD3D11RHI:    0. 'NVIDIA GeForce GTX 1050' (Feature Level 11_0)
[2017.03.28-17.40.11:575][  0]LogD3D11RHI:       2006/0/4077 MB DedicatedVideo/DedicatedSystem/SharedSystem, Outputs:1, VendorId:0x10de
[2017.03.28-17.40.11:576][  0]LogD3D11RHI:    1. 'Microsoft Basic Render Driver' (Feature Level 11_0)
[2017.03.28-17.40.11:576][  0]LogD3D11RHI:       0/0/4077 MB DedicatedVideo/DedicatedSystem/SharedSystem, Outputs:0, VendorId:0x1414
[2017.03.28-17.40.11:576][  0]LogD3D11RHI: Chosen D3D11 Adapter: 0
[2017.03.28-17.40.11:579][  0]LogD3D11RHI: Creating new Direct3DDevice
[2017.03.28-17.40.11:579][  0]LogD3D11RHI:     GPU DeviceId: 0x1c81 (for the marketing name, search the web for "GPU Device Id")
[2017.03.28-17.40.11:579][  0]LogWindows: EnumDisplayDevices:
[2017.03.28-17.40.11:579][  0]LogWindows:    0. 'NVIDIA GeForce GTX 1050' (P:1 D:1)
[2017.03.28-17.40.11:579][  0]LogWindows:    1. 'NVIDIA GeForce GTX 1050' (P:0 D:0)
[2017.03.28-17.40.11:580][  0]LogWindows:    2. 'NVIDIA GeForce GTX 1050' (P:0 D:0)
[2017.03.28-17.40.11:580][  0]LogWindows:    3. 'NVIDIA GeForce GTX 1050' (P:0 D:0)
[2017.03.28-17.40.11:580][  0]LogWindows: DebugString: FoundDriverCount:4 
[2017.03.28-17.40.11:580][  0]LogD3D11RHI:     Adapter Name: NVIDIA GeForce GTX 1050
[2017.03.28-17.40.11:580][  0]LogD3D11RHI:   Driver Version: 378.66 (internal:21.21.13.7866, unified:378.66)
[2017.03.28-17.40.11:580][  0]LogD3D11RHI:      Driver Date: 2-9-2017
[2017.03.28-17.40.11:580][  0]LogRHI: Texture pool is 1361 MB (70% of 1945 MB)
[2017.03.28-17.40.12:097][  0]LogD3D11RHI: Async texture creation enabled
[2017.03.28-17.40.12:126][  0]LogD3D11RHI: GPU Timing Frequency: 1000.000000 (Debug: 2 1)
[2017.03.28-17.40.12:127][  0]LogShaderCompilers: Guid format shader working directory is -13 characters bigger than the processId version (../../../../../../Users/Xenis/Desktop/Project E/GAMEPROJECT/Intermediate/Shaders/WorkingDirectory/8568/).
[2017.03.28-17.40.12:127][  0]LogShaderCompilers: Cleaned the shader compiler working directory 'C:/Users/Xenis/AppData/Local/Temp/UnrealShaderWorkingDir/703ED9E34A6096BAC3F585BDD0BBB2B4/'.
[2017.03.28-17.40.12:127][  0]LogShaderCompilers:Display: Using Local Shader Compiler.
[2017.03.28-17.40.15:728][  0]LogTemp:Display: Loaded TP AllDesktopTargetPlatform
[2017.03.28-17.40.15:774][  0]LogTemp:Display: Loaded TP MacClientTargetPlatform
[2017.03.28-17.40.15:820][  0]LogTemp:Display: Loaded TP MacNoEditorTargetPlatform
[2017.03.28-17.40.15:866][  0]LogTemp:Display: Loaded TP MacServerTargetPlatform
[2017.03.28-17.40.15:931][  0]LogTemp:Display: Loaded TP MacTargetPlatform
[2017.03.28-17.40.15:976][  0]LogTemp:Display: Loaded TP WindowsClientTargetPlatform
[2017.03.28-17.40.16:022][  0]LogTemp:Display: Loaded TP WindowsNoEditorTargetPlatform
[2017.03.28-17.40.16:068][  0]LogTemp:Display: Loaded TP WindowsServerTargetPlatform
[2017.03.28-17.40.16:107][  0]LogTemp:Display: Loaded TP WindowsTargetPlatform
[2017.03.28-17.40.16:165][  0]LogTemp:Display: Loaded TP AndroidTargetPlatform
[2017.03.28-17.40.16:210][  0]LogTemp:Display: Loaded TP Android_ASTCTargetPlatform
[2017.03.28-17.40.16:256][  0]LogTemp:Display: Loaded TP Android_ATCTargetPlatform
[2017.03.28-17.40.16:301][  0]LogTemp:Display: Loaded TP Android_DXTTargetPlatform
[2017.03.28-17.40.16:347][  0]LogTemp:Display: Loaded TP Android_ETC1TargetPlatform
[2017.03.28-17.40.16:393][  0]LogTemp:Display: Loaded TP Android_ETC2TargetPlatform
[2017.03.28-17.40.16:484][  0]LogTemp:Display: Loaded TP Android_MultiTargetPlatform
[2017.03.28-17.40.16:484][  0]LogTemp:Display: Loaded TP Android_PVRTCTargetPlatform
[2017.03.28-17.40.16:516][  0]LogTemp:Display: Loaded TP HTML5TargetPlatform
[2017.03.28-17.40.16:620][  0]LogTemp:Display: Loaded TP IOSTargetPlatform
[2017.03.28-17.40.16:649][  0]LogTemp:Display: Loaded TP TVOSTargetPlatform
[2017.03.28-17.40.16:698][  0]LogTemp:Display: Loaded TP LinuxClientTargetPlatform
[2017.03.28-17.40.16:744][  0]LogTemp:Display: Loaded TP LinuxNoEditorTargetPlatform
[2017.03.28-17.40.16:791][  0]LogTemp:Display: Loaded TP LinuxServerTargetPlatform
[2017.03.28-17.40.16:854][  0]LogTemp:Display: Loaded TP LinuxTargetPlatform
[2017.03.28-17.40.16:854][  0]LogTargetPlatformManager:Display: Building Assets For Windows
[2017.03.28-17.40.17:240][  0]LogDerivedDataCache:Display: Max Cache Size: 512 MB
[2017.03.28-17.40.17:703][  0]LogDerivedDataCache: Loaded boot cache 0.46s 64MB C:/Users/Xenis/AppData/Local/UnrealEngine/4.14/DerivedDataCache/Boot.ddc.
[2017.03.28-17.40.17:703][  0]LogDerivedDataCache:Display: Loaded Boot cache: C:/Users/Xenis/AppData/Local/UnrealEngine/4.14/DerivedDataCache/Boot.ddc
[2017.03.28-17.40.17:703][  0]LogDerivedDataCache: FDerivedDataBackendGraph:  Pak pak cache file ../../../../../../Users/Xenis/Desktop/Project E/GAMEPROJECT/DerivedDataCache/DDC.ddp not found, will not use a pak cache.
[2017.03.28-17.40.17:703][  0]LogDerivedDataCache: Unable to find inner node Pak for hierarchical cache Hierarchy.
[2017.03.28-17.40.17:703][  0]LogDerivedDataCache: FDerivedDataBackendGraph:  CompressedPak pak cache file ../../../../../../Users/Xenis/Desktop/Project E/GAMEPROJECT/DerivedDataCache/Compressed.ddp not found, will not use a pak cache.
[2017.03.28-17.40.17:703][  0]LogDerivedDataCache: Unable to find inner node CompressedPak for hierarchical cache Hierarchy.
[2017.03.28-17.40.17:717][  0]LogDerivedDataCache:Display: Pak cache opened for reading ../../../Engine/DerivedDataCache/Compressed.ddp.
[2017.03.28-17.40.17:729][  0]LogDerivedDataCache: Using Local data cache path C:/Users/Xenis/AppData/Local/UnrealEngine/Common/DerivedDataCache: Writable
[2017.03.28-17.40.17:962][  0]LogInit: Selected Device Profile: [Windows]
[2017.03.28-17.40.17:976][  0]LogContentStreaming: Texture pool size is 0.00 MB
[2017.03.28-17.40.18:153][  0]LogMeshUtilities: Using QuadricMeshReduction for automatic static mesh reduction
[2017.03.28-17.40.18:190][  0]LogSimplygon: Simplygon DLL not present - disabling.
[2017.03.28-17.40.18:230][  0]LogMeshUtilities: Using SimplygonSwarm for distributed automatic mesh merging
[2017.03.28-17.40.18:230][  0]LogMeshUtilities: No automatic skeletal mesh reduction module available
[2017.03.28-17.40.18:230][  0]LogMeshUtilities: No automatic mesh merging module available
[2017.03.28-17.40.18:809][  0]LogNetVersion: GetLocalNetworkVersion: CL: 3195953, ProjectName: gameproject, ProjectVersion: , EngineNetworkVersion: 2, GameNetworkVersion: 0, NetworkChecksum: 3234967814
[2017.03.28-17.40.18:861][  0]LogAssetRegistry: FAssetRegistry took 0.0211 seconds to start up
[2017.03.28-17.40.18:908][  0]LogPackageLocalizationCache: Processed 3 localized package path(s) for 2 prioritized culture(s) in 0.023715 seconds
[2017.03.28-17.40.18:916][  0]LogUObjectArray: 31946 objects as part of root set at end of initial load.
[2017.03.28-17.40.18:916][  0]LogUObjectAllocator: 6935848 out of 0 bytes used by permanent object pool.
[2017.03.28-17.40.18:916][  0]LogUObjectArray: CloseDisregardForGC: 0/0 objects in disregard for GC pool
[2017.03.28-17.40.18:976][  0]LogInit: WinSock: version 1.1 (2.2), MaxSocks=32767, MaxUdp=65467
[2017.03.28-17.40.19:834][  0]LogSlate: Using Freetype 2.6.0
[2017.03.28-17.40.19:857][  0]LogSlate: SlateFontCache - WITH_FREETYPE: 1, WITH_HARFBUZZ: 1
[2017.03.28-17.40.19:857][  0]LogSlate: SlateFontCache - WITH_FREETYPE: 1, WITH_HARFBUZZ: 1
[2017.03.28-17.40.37:830][  0]LogTcpMessaging: Initializing TcpMessaging bridge
[2017.03.28-17.40.37:885][  0]LogUdpMessaging: Initializing bridge on interface 0.0.0.0:0 to multicast group 230.0.0.1:6666.
[2017.03.28-17.40.38:595][  0]LogMaterial: Uniform references updated for custom material expression Custom.
[2017.03.28-17.40.39:018][  0]SourceControl: Info Source control is disabled
[2017.03.28-17.40.39:019][  0]SourceControl: Info Source control is disabled
[2017.03.28-17.40.39:067][  0]SourceControl: Info Source control is disabled
[2017.03.28-17.40.39:108][  0]SourceControl: Info Source control is disabled
[2017.03.28-17.40.40:495][  0]LogEngine: Initializing Engine...
[2017.03.28-17.40.40:495][  0]LogHMD: Failed to initialize OpenVR with code 110
[2017.03.28-17.40.40:732][  0]LogAIModule: Creating AISystem for world Untitled
[2017.03.28-17.40.40:739][  0]LogInit: XAudio2 using '2460-4 (NVIDIA High Definition Audio)' : 2 channels at 48 kHz using 16 bits per sample (channel mask 0x3)
[2017.03.28-17.40.40:747][  0]LogInit: FAudioDevice initialized.
[2017.03.28-17.40.40:772][  0]LogDerivedDataCache: Saved boot cache 0.02s 50MB C:/Users/Xenis/AppData/Local/UnrealEngine/4.14/DerivedDataCache/Boot.ddc.
[2017.03.28-17.40.40:932][  0]LogInit: Texture streaming: Enabled
[2017.03.28-17.40.41:112][  0]LogInit: Transaction tracking system initialized
[2017.03.28-17.40.41:438][  0]BlueprintLog: New page: Editor Load
[2017.03.28-17.40.42:206][  0]LogInit:Warning: CVar named 'r.MobileHDR' marked up in RendererSettings was not found or is set to read-only
[2017.03.28-17.40.42:412][  0]LocalizationService: Info Localization service is disabled
[2017.03.28-17.40.43:141][  0]LogConsoleResponse:Display: 
[2017.03.28-17.40.43:791][  0]LogCook:Display: Max memory allowance for cook 16384mb min free memory 0mb
[2017.03.28-17.40.43:791][  0]LogCook:Display: Mobile HDR setting 0
[2017.03.28-17.40.44:464][  0]LogFileCache: Scanning file cache for directory 'C:/Users/Xenis/Desktop/Project E/GAMEPROJECT/Content/' took 0.01s
[2017.03.28-17.40.45:044][  0]SourceControl: Info Source control is disabled
[2017.03.28-17.40.45:044][  0]Cmd: MAP LOAD FILE="../../../../../../Users/Xenis/Desktop/Project E/GAMEPROJECT/Content/2DSideScrollerBP/Maps/2DSideScrollerExampleMap.umap" TEMPLATE=0 SHOWPROGRESS=1 FEATURELEVEL=3
[2017.03.28-17.40.45:045][  0]LightingResults: New page: Lighting Build
[2017.03.28-17.40.45:078][  0]MapCheck: New page: Map Check
[2017.03.28-17.40.45:078][  0]LightingResults: New page: Lighting Build
[2017.03.28-17.40.45:299][  0]LogTexture:Display: Building textures: 2DCharacter_IdleAnimAtlas (BGRA8)
[2017.03.28-17.40.45:412][  0]LogTexture:Display: Building textures: 2DCharacter_RunAnimAtlas (BGRA8)
[2017.03.28-17.40.45:493][  0]LogTexture:Display: Building textures: 2DBackgroundBlockAtlas (AutoDXT)
[2017.03.28-17.40.45:657][  0]LogTexture:Display: Building textures: 2DBackground (BGRA8)
[2017.03.28-17.40.45:705][  0]LogTexture:Display: Building textures: Bokeh_5Sides (BGRA8)
[2017.03.28-17.40.45:885][  0]LogTexture:Display: Building textures: T_ScreenDirt02_w (AutoDXT)
[2017.03.28-17.40.46:271][  0]LogAIModule: Creating AISystem for world 2DSideScrollerExampleMap
[2017.03.28-17.40.46:398][  0]LogEditorServer: Finished looking for orphan Actors (0.000 secs)
[2017.03.28-17.40.46:416][  0]Cmd: MAP CHECKDEP NOCLEARLOG
[2017.03.28-17.40.46:460][  0]MapCheck: Info Map check complete: 0 Error(s), 0 Warning(s), took 43.446ms to complete.
[2017.03.28-17.40.46:460][  0]LogFileHelpers: Loading map '2DSideScrollerExampleMap' took 1.416
[2017.03.28-17.40.46:517][  0]LogWindowsTextInputMethodSystem:Display: IME system now deactivated.
[2017.03.28-17.40.46:517][  0]LogWindowsTextInputMethodSystem:Display: IME system now deactivated.
[2017.03.28-17.40.46:860][  0]LogCollectionManager: Loaded 0 collections in 0.001415 seconds
[2017.03.28-17.40.46:969][  0]LogFileCache: Scanning file cache for directory 'C:/Users/Xenis/Desktop/Project E/GAMEPROJECT/Saved/Collections/' took 0.01s
[2017.03.28-17.40.46:969][  0]LogFileCache: Scanning file cache for directory 'C:/Users/Xenis/Desktop/Project E/GAMEPROJECT/Content/Developers/Xenis/Collections/' took 0.01s
[2017.03.28-17.40.46:969][  0]LogFileCache: Scanning file cache for directory 'C:/Users/Xenis/Desktop/Project E/GAMEPROJECT/Content/Collections/' took 0.01s
[2017.03.28-17.40.46:969][  0]LogCollectionManager: Rebuilt the GUID cache for 0 collections in 0.000002 seconds
[2017.03.28-17.40.46:979][  0]LogContentBrowser: Native class hierarchy populated in 0.0078 seconds. Added 2190 classes and 428 folders.
[2017.03.28-17.40.47:026][  0]LogStats: UGameplayTagsManager::ConstructGameplayTagTree: Construct from data asset -  0.000 s
[2017.03.28-17.40.47:026][  0]LogStats: UGameplayTagsManager::ConstructGameplayTagTree: GameplayTagTreeChangedEvent.Broadcast -  0.000 s
[2017.03.28-17.40.47:032][  0]LogContentBrowser: Native class hierarchy updated for 'GameplayTags' in 0.0005 seconds. Added 13 classes and 0 folders.
[2017.03.28-17.40.47:084][  0]LogContentBrowser: Native class hierarchy updated for 'WidgetCarousel' in 0.0003 seconds. Added 0 classes and 0 folders.
[2017.03.28-17.40.47:117][  0]LogContentBrowser: Native class hierarchy updated for 'AddContentDialog' in 0.0004 seconds. Added 0 classes and 0 folders.
[2017.03.28-17.40.47:197][  0]LogContentBrowser: Native class hierarchy updated for 'SceneOutliner' in 0.0004 seconds. Added 1 classes and 2 folders.
[2017.03.28-17.40.47:425][  0]LogCrashTracker: Crashtracker disabled due to settings.
[2017.03.28-17.40.47:812][  0]LogContentBrowser: Native class hierarchy updated for 'HierarchicalLODOutliner' in 0.0005 seconds. Added 1 classes and 2 folders.
[2017.03.28-17.40.47:812][  0]LogLoad: (Engine Initialization) Total time: 41.36 seconds
[2017.03.28-17.40.47:812][  0]LogLoad: (Engine Initialization) Total Blueprint compile time: 0.16 seconds
[2017.03.28-17.40.47:812][  0]LogExternalProfiler: Found external profiler: VSPerf
[2017.03.28-17.40.47:812][  0]LogExternalProfiler: Using external profiler: VSPerf
[2017.03.28-17.40.47:822][  0]LogOcInput: OculusInput pre-init called
[2017.03.28-17.40.47:901][  0]LogContentStreaming: Texture pool size now 1000 MB
[2017.03.28-17.40.48:277][  0]LogRenderer: Reallocating scene render targets to support 1208x576 NumSamples 1 (Frame:2).
[2017.03.28-17.40.48:572][  1]LogAssetRegistry: Asset discovery search completed in 29.7324 seconds
[2017.03.28-17.40.48:572][  1]LogCollectionManager: Rebuilt the object cache for 0 collections in 0.000001 seconds (found 0 objects)
[2017.03.28-17.40.48:572][  1]LogCollectionManager: Fixed up redirectors for 0 collections in 0.000017 seconds (updated 0 objects)
[2017.03.28-17.41.22:776][  2]LogEditorViewport: Clicking on Actor (LMB): PaperSpriteActor (RightEdge)
[2017.03.28-17.41.23:917][ 68]Cmd: DELETE
[2017.03.28-17.41.23:917][ 68]Cmd: ACTOR DELETE
[2017.03.28-17.41.23:947][ 68]LogEditorActor: Deleted Actor: PaperSpriteActor
[2017.03.28-17.41.24:009][ 68]LogEditorActor: Deleted 1 Actors (0.066 secs)
[2017.03.28-17.41.24:940][178]LogEditorViewport: Clicking on Actor (LMB): PaperSpriteActor (LeftEdge)
[2017.03.28-17.41.25:553][247]Cmd: DELETE
[2017.03.28-17.41.25:553][247]Cmd: ACTOR DELETE
[2017.03.28-17.41.25:554][247]LogEditorActor: Deleted Actor: PaperSpriteActor
[2017.03.28-17.41.25:566][247]LogEditorActor: Deleted 1 Actors (0.013 secs)
[2017.03.28-17.41.28:939][652]LogEditorViewport: Clicking on Actor (LMB): PaperSpriteActor (Ledge_13)
[2017.03.28-17.41.29:138][673]Cmd: DELETE
[2017.03.28-17.41.29:138][673]Cmd: ACTOR DELETE
[2017.03.28-17.41.29:138][673]LogEditorActor: Deleted Actor: PaperSpriteActor
[2017.03.28-17.41.29:152][673]LogEditorActor: Deleted 1 Actors (0.014 secs)
[2017.03.28-17.41.29:784][749]LogEditorViewport: Clicking on Actor (LMB): PaperSpriteActor (Ledge_12)
[2017.03.28-17.41.29:941][764]Cmd: DELETE
[2017.03.28-17.41.29:941][764]Cmd: ACTOR DELETE
[2017.03.28-17.41.29:942][764]LogEditorActor: Deleted Actor: PaperSpriteActor
[2017.03.28-17.41.29:956][764]LogEditorActor: Deleted 1 Actors (0.015 secs)
[2017.03.28-17.41.30:625][844]LogEditorViewport: Clicking on Actor (LMB): PaperSpriteActor (Ledge_32)
[2017.03.28-17.41.30:933][878]Cmd: DELETE
[2017.03.28-17.41.30:933][878]Cmd: ACTOR DELETE
[2017.03.28-17.41.30:933][878]LogEditorActor: Deleted Actor: PaperSpriteActor
[2017.03.28-17.41.30:948][878]LogEditorActor: Deleted 1 Actors (0.015 secs)
[2017.03.28-17.41.31:323][923]LogEditorViewport: Clicking on Actor (LMB): PaperSpriteActor (Ledge_31)
[2017.03.28-17.41.31:403][930]Cmd: DELETE
[2017.03.28-17.41.31:403][930]Cmd: ACTOR DELETE
[2017.03.28-17.41.31:404][930]LogEditorActor: Deleted Actor: PaperSpriteActor
[2017.03.28-17.41.31:420][930]LogEditorActor: Deleted 1 Actors (0.016 secs)
[2017.03.28-17.41.34:525][302]LogEditorViewport: Clicking on Actor (LMB): PaperSpriteActor (Background_Sprite)
[2017.03.28-17.41.38:022][717]LogEditorViewport: Clicking on Actor (LMB): PaperSpriteActor (Ledge_30)
[2017.03.28-17.41.38:747][801]Cmd: DELETE
[2017.03.28-17.41.38:747][801]Cmd: ACTOR DELETE
[2017.03.28-17.41.38:748][801]LogEditorActor: Deleted Actor: PaperSpriteActor
[2017.03.28-17.41.38:762][801]LogEditorActor: Deleted 1 Actors (0.014 secs)
[2017.03.28-17.41.39:442][883]LogEditorViewport: Clicking on Actor (LMB): PaperSpriteActor (Ledge_29)
[2017.03.28-17.41.39:572][896]Cmd: DELETE
[2017.03.28-17.41.39:572][896]Cmd: ACTOR DELETE
[2017.03.28-17.41.39:573][896]LogEditorActor: Deleted Actor: PaperSpriteActor
[2017.03.28-17.41.39:586][896]LogEditorActor: Deleted 1 Actors (0.013 secs)
[2017.03.28-17.41.40:226][973]LogEditorViewport: Clicking on Actor (LMB): PaperSpriteActor (Ledge_28)
[2017.03.28-17.41.40:256][974]Cmd: DELETE
[2017.03.28-17.41.40:256][974]Cmd: ACTOR DELETE
[2017.03.28-17.41.40:256][974]LogEditorActor: Deleted Actor: PaperSpriteActor
[2017.03.28-17.41.40:269][974]LogEditorActor: Deleted 1 Actors (0.013 secs)
[2017.03.28-17.41.40:775][ 35]LogEditorViewport: Clicking on Actor (LMB): PaperSpriteActor (Ledge_27)
[2017.03.28-17.41.40:863][ 43]Cmd: DELETE
[2017.03.28-17.41.40:863][ 43]Cmd: ACTOR DELETE
[2017.03.28-17.41.40:864][ 43]LogEditorActor: Deleted Actor: PaperSpriteActor
[2017.03.28-17.41.40:876][ 43]LogEditorActor: Deleted 1 Actors (0.013 secs)
[2017.03.28-17.41.41:450][112]LogEditorViewport: Clicking on Actor (LMB): PaperSpriteActor (Ledge_26)
[2017.03.28-17.41.41:523][118]Cmd: DELETE
[2017.03.28-17.41.41:523][118]Cmd: ACTOR DELETE
[2017.03.28-17.41.41:523][118]LogEditorActor: Deleted Actor: PaperSpriteActor
[2017.03.28-17.41.41:536][118]LogEditorActor: Deleted 1 Actors (0.013 secs)
[2017.03.28-17.41.42:050][180]LogEditorViewport: Clicking on Actor (LMB): PaperSpriteActor (Ledge_17)
[2017.03.28-17.41.42:093][182]Cmd: DELETE
[2017.03.28-17.41.42:093][182]Cmd: ACTOR DELETE
[2017.03.28-17.41.42:093][182]LogEditorActor: Deleted Actor: PaperSpriteActor
[2017.03.28-17.41.42:107][182]LogEditorActor: Deleted 1 Actors (0.014 secs)
[2017.03.28-17.41.45:081][539]LogEditorViewport: Clicking on Actor (LMB): PaperSpriteActor (Ledge_34)
[2017.03.28-17.41.45:098][539]Cmd: DELETE
[2017.03.28-17.41.45:098][539]Cmd: ACTOR DELETE
[2017.03.28-17.41.45:098][539]LogEditorActor: Deleted Actor: PaperSpriteActor
[2017.03.28-17.41.45:112][539]LogEditorActor: Deleted 1 Actors (0.014 secs)
[2017.03.28-17.41.47:029][769]LogEditorViewport: Clicking on Actor (LMB): PaperSpriteActor (Ledge_25)
[2017.03.28-17.41.47:154][781]Cmd: DELETE
[2017.03.28-17.41.47:154][781]Cmd: ACTOR DELETE
[2017.03.28-17.41.47:154][781]LogEditorActor: Deleted Actor: PaperSpriteActor
[2017.03.28-17.41.47:168][781]LogEditorActor: Deleted 1 Actors (0.014 secs)
[2017.03.28-17.41.48:548][946]LogEditorViewport: Clicking on Actor (LMB): PaperSpriteActor (Background_Sprite)
[2017.03.28-17.41.49:171][  9]LogEditorViewport: Clicking on Actor (LMB): PaperSpriteActor (Background_Sprite)
[2017.03.28-17.41.49:793][ 83]LogEditorViewport: Clicking on Actor (LMB): PaperSpriteActor (Background_Sprite)
[2017.03.28-17.42.06:893][130]LogEditorViewport: Clicking on Actor (LMB): TextRenderActor (TemplateLabel)
[2017.03.28-17.42.11:114][630]LogEditorViewport: Clicking on Actor (LMB): PaperSpriteActor (Background_Sprite)
[2017.03.28-17.42.19:413][621]LogEditorViewport: Clicking on Actor (LMB): TextRenderActor (TemplateLabel)
[2017.03.28-17.42.20:798][785]Cmd: DELETE
[2017.03.28-17.42.20:798][785]Cmd: ACTOR DELETE
[2017.03.28-17.42.20:798][785]LogEditorActor: Deleted Actor: TextRenderActor
[2017.03.28-17.42.20:813][785]LogEditorActor: Deleted 1 Actors (0.015 secs)
[2017.03.28-17.43.16:150][ 26]LogEditorViewport: Clicking on Actor (LMB): PaperSpriteActor (Background_Sprite)
[2017.03.28-17.43.48:793][893]LogTemp: Repeting last play command: Selected Viewport
[2017.03.28-17.43.48:813][893]LogBlueprintUserMessages: Early PlayInEditor Detection: Level '/Game/2DSideScrollerBP/Maps/2DSideScrollerExampleMap.2DSideScrollerExampleMap:PersistentLevel' has LevelScriptBlueprint '/Game/2DSideScrollerBP/Maps/2DSideScrollerExampleMap.2DSideScrollerExampleMap:PersistentLevel.2DSideScrollerExampleMap' with GeneratedClass '/Game/2DSideScrollerBP/Maps/2DSideScrollerExampleMap.2DSideScrollerExampleMap_C' with ClassGeneratedBy '/Game/2DSideScrollerBP/Maps/2DSideScrollerExampleMap.2DSideScrollerExampleMap:PersistentLevel.2DSideScrollerExampleMap'
[2017.03.28-17.43.48:819][893]LogPlayLevel: PlayLevel: No blueprints needed recompiling
[2017.03.28-17.43.48:828][893]PIE: New page: PIE session: 2DSideScrollerExampleMap (28 Mar 2017 19:43:48)
[2017.03.28-17.43.48:843][893]LogPlayLevel: Creating play world package: /Game/2DSideScrollerBP/Maps/UEDPIE_0_2DSideScrollerExampleMap
[2017.03.28-17.43.48:845][893]LogPlayLevel: PIE: StaticDuplicateObject took: (0.001648s)
[2017.03.28-17.43.48:845][893]LogAIModule: Creating AISystem for world 2DSideScrollerExampleMap
[2017.03.28-17.43.48:845][893]LogPlayLevel: PIE: World Init took: (0.000666s)
[2017.03.28-17.43.48:845][893]LogPlayLevel: PIE: Created PIE world by copying editor world from /Game/2DSideScrollerBP/Maps/2DSideScrollerExampleMap.2DSideScrollerExampleMap to /Game/2DSideScrollerBP/Maps/UEDPIE_0_2DSideScrollerExampleMap.2DSideScrollerExampleMap (0.017276s)
[2017.03.28-17.43.48:862][893]LogInit: XAudio2 using '2460-4 (NVIDIA High Definition Audio)' : 2 channels at 48 kHz using 16 bits per sample (channel mask 0x3)
[2017.03.28-17.43.48:868][893]LogInit: FAudioDevice initialized.
[2017.03.28-17.43.48:971][893]LogLoad: Game class is '2DSideScrollerGameMode_C'
[2017.03.28-17.43.48:987][893]LogWorld: Bringing World /Game/2DSideScrollerBP/Maps/UEDPIE_0_2DSideScrollerExampleMap.2DSideScrollerExampleMap up for play (max tick rate 0) at 2017.03.28-18.43.48
[2017.03.28-17.43.48:987][893]LogWorld: Bringing up level for play took: 0.007884
[2017.03.28-17.43.49:110][893]LogContentBrowser: Native class hierarchy updated for 'MovieSceneCapture' in 0.0008 seconds. Added 11 classes and 0 folders.
[2017.03.28-17.43.49:111][893]PIE: Info Play in editor start time for /Game/2DSideScrollerBP/Maps/UEDPIE_0_2DSideScrollerExampleMap 0.163
[2017.03.28-17.43.49:111][893]LogBlueprintUserMessages: Late PlayInEditor Detection: Level '/Game/2DSideScrollerBP/Maps/2DSideScrollerExampleMap.2DSideScrollerExampleMap:PersistentLevel' has LevelScriptBlueprint '/Game/2DSideScrollerBP/Maps/2DSideScrollerExampleMap.2DSideScrollerExampleMap:PersistentLevel.2DSideScrollerExampleMap' with GeneratedClass '/Game/2DSideScrollerBP/Maps/2DSideScrollerExampleMap.2DSideScrollerExampleMap_C' with ClassGeneratedBy '/Game/2DSideScrollerBP/Maps/2DSideScrollerExampleMap.2DSideScrollerExampleMap:PersistentLevel.2DSideScrollerExampleMap'
[2017.03.28-17.44.03:770][635]LogBlueprintUserMessages: Early EndPlayMap Detection: Level '/Game/2DSideScrollerBP/Maps/2DSideScrollerExampleMap.2DSideScrollerExampleMap:PersistentLevel' has LevelScriptBlueprint '/Game/2DSideScrollerBP/Maps/2DSideScrollerExampleMap.2DSideScrollerExampleMap:PersistentLevel.2DSideScrollerExampleMap' with GeneratedClass '/Game/2DSideScrollerBP/Maps/2DSideScrollerExampleMap.2DSideScrollerExampleMap_C' with ClassGeneratedBy '/Game/2DSideScrollerBP/Maps/2DSideScrollerExampleMap.2DSideScrollerExampleMap:PersistentLevel.2DSideScrollerExampleMap'
[2017.03.28-17.44.03:845][635]LogBlueprintUserMessages: Late EndPlayMap Detection: Level '/Game/2DSideScrollerBP/Maps/2DSideScrollerExampleMap.2DSideScrollerExampleMap:PersistentLevel' has LevelScriptBlueprint '/Game/2DSideScrollerBP/Maps/2DSideScrollerExampleMap.2DSideScrollerExampleMap:PersistentLevel.2DSideScrollerExampleMap' with GeneratedClass '/Game/2DSideScrollerBP/Maps/2DSideScrollerExampleMap.2DSideScrollerExampleMap_C' with ClassGeneratedBy '/Game/2DSideScrollerBP/Maps/2DSideScrollerExampleMap.2DSideScrollerExampleMap:PersistentLevel.2DSideScrollerExampleMap'
[2017.03.28-17.51.03:692][511]LogSavePackage: Save=145.23ms
[2017.03.28-17.51.03:692][511]LogSavePackage: Moving '../../../../../../Users/Xenis/Desktop/Project E/GAMEPROJECT/Saved/2DSideScrollerExampleMap_Auto1A923917C408FCD1DA89CBB8A073E3E24.tmp' to '../../../../../../Users/Xenis/Desktop/Project E/GAMEPROJECT/Saved/Autosaves/Game/2DSideScrollerBP/Maps/2DSideScrollerExampleMap_Auto1.umap'
[2017.03.28-17.51.03:693][511]LogSavePackage:Display: Finished SavePackage ../../../../../../Users/Xenis/Desktop/Project E/GAMEPROJECT/Saved/Autosaves/Game/2DSideScrollerBP/Maps/2DSideScrollerExampleMap_Auto1.umap
[2017.03.28-17.51.03:705][511]LogFileHelpers: Editor autosave (incl. sublevels) for '/Game/2DSideScrollerBP/Maps/2DSideScrollerExampleMap' took 0.215
[2017.03.28-17.51.03:705][511]LogFileHelpers: Editor autosave (incl. sublevels) for all levels took 0.215
[2017.03.28-21.30.00:327][  7]LogEditorViewport: Clicking on Actor (LMB): PaperSpriteActor (Background_Sprite)
[2017.03.28-21.30.02:918][315]Cmd: DELETE
[2017.03.28-21.30.02:918][315]Cmd: ACTOR DELETE
[2017.03.28-21.30.02:919][315]LogEditorActor: Deleted Actor: PaperSpriteActor
[2017.03.28-21.30.02:940][315]LogEditorActor: Deleted 1 Actors (0.022 secs)
[2017.03.28-21.30.03:958][437]LogEditorViewport: Clicking on Actor (LMB): PaperSpriteActor (Ledge_14)
[2017.03.28-21.30.04:057][444]Cmd: DELETE
[2017.03.28-21.30.04:057][444]Cmd: ACTOR DELETE
[2017.03.28-21.30.04:058][444]LogEditorActor: Deleted Actor: PaperSpriteActor
[2017.03.28-21.30.04:072][444]LogEditorActor: Deleted 1 Actors (0.014 secs)
[2017.03.28-21.30.05:754][646]LogEditorViewport: Clicking on Actor (LMB): PlayerStart (NetworkPlayerStart)
[2017.03.28-21.30.06:621][744]LogEditorViewport: Clicking Background
[2017.03.28-21.30.07:651][867]LogEditorViewport: Clicking on Actor (LMB): 2DSideScrollerCharacter_C (2DSideScrollerCharacter)
[2017.03.28-21.30.35:204][279]LogSavePackage: Save=66.31ms
[2017.03.28-21.30.35:204][279]LogSavePackage: Moving '../../../../../../Users/Xenis/Desktop/Project E/GAMEPROJECT/Saved/2DSideScrollerExampleMap_Auto2D301FB1545331485C7A96294910A1827.tmp' to '../../../../../../Users/Xenis/Desktop/Project E/GAMEPROJECT/Saved/Autosaves/Game/2DSideScrollerBP/Maps/2DSideScrollerExampleMap_Auto2.umap'
[2017.03.28-21.30.35:213][279]LogSavePackage:Display: Finished SavePackage ../../../../../../Users/Xenis/Desktop/Project E/GAMEPROJECT/Saved/Autosaves/Game/2DSideScrollerBP/Maps/2DSideScrollerExampleMap_Auto2.umap
[2017.03.28-21.30.35:217][279]LogFileHelpers: Editor autosave (incl. sublevels) for '/Game/2DSideScrollerBP/Maps/2DSideScrollerExampleMap' took 0.109
[2017.03.28-21.30.35:217][279]LogFileHelpers: Editor autosave (incl. sublevels) for all levels took 0.109
[2017.03.28-21.30.57:075][796]LogBlueprintUserMessages: Early PlayInEditor Detection: Level '/Game/2DSideScrollerBP/Maps/2DSideScrollerExampleMap.2DSideScrollerExampleMap:PersistentLevel' has LevelScriptBlueprint '/Game/2DSideScrollerBP/Maps/2DSideScrollerExampleMap.2DSideScrollerExampleMap:PersistentLevel.2DSideScrollerExampleMap' with GeneratedClass '/Game/2DSideScrollerBP/Maps/2DSideScrollerExampleMap.2DSideScrollerExampleMap_C' with ClassGeneratedBy '/Game/2DSideScrollerBP/Maps/2DSideScrollerExampleMap.2DSideScrollerExampleMap:PersistentLevel.2DSideScrollerExampleMap'
[2017.03.28-21.30.57:075][796]LogPlayLevel: PlayLevel: No blueprints needed recompiling
[2017.03.28-21.30.57:076][796]PIE: New page: PIE session: 2DSideScrollerExampleMap (28 Mar 2017 23:30:57)
[2017.03.28-21.30.57:076][796]LogPlayLevel: Creating play world package: /Game/2DSideScrollerBP/Maps/UEDPIE_0_2DSideScrollerExampleMap
[2017.03.28-21.30.57:078][796]LogPlayLevel: PIE: StaticDuplicateObject took: (0.002569s)
[2017.03.28-21.30.57:079][796]LogAIModule: Creating AISystem for world 2DSideScrollerExampleMap
[2017.03.28-21.30.57:079][796]LogPlayLevel: PIE: World Init took: (0.000874s)
[2017.03.28-21.30.57:079][796]LogPlayLevel: PIE: Created PIE world by copying editor world from /Game/2DSideScrollerBP/Maps/2DSideScrollerExampleMap.2DSideScrollerExampleMap to /Game/2DSideScrollerBP/Maps/UEDPIE_0_2DSideScrollerExampleMap.2DSideScrollerExampleMap (0.003699s)
[2017.03.28-21.30.57:125][796]LogInit: XAudio2 using '2460-4 (NVIDIA High Definition Audio)' : 2 channels at 48 kHz using 16 bits per sample (channel mask 0x3)
[2017.03.28-21.30.57:131][796]LogInit: FAudioDevice initialized.
[2017.03.28-21.30.57:189][796]LogLoad: Game class is '2DSideScrollerGameMode_C'
[2017.03.28-21.30.57:195][796]LogWorld: Bringing World /Game/2DSideScrollerBP/Maps/UEDPIE_0_2DSideScrollerExampleMap.2DSideScrollerExampleMap up for play (max tick rate 0) at 2017.03.28-22.30.57
[2017.03.28-21.30.57:195][796]LogWorld: Bringing up level for play took: 0.004071
[2017.03.28-21.30.57:204][796]PIE: Info Play in editor start time for /Game/2DSideScrollerBP/Maps/UEDPIE_0_2DSideScrollerExampleMap 0.256
[2017.03.28-21.30.57:205][796]LogBlueprintUserMessages: Late PlayInEditor Detection: Level '/Game/2DSideScrollerBP/Maps/2DSideScrollerExampleMap.2DSideScrollerExampleMap:PersistentLevel' has LevelScriptBlueprint '/Game/2DSideScrollerBP/Maps/2DSideScrollerExampleMap.2DSideScrollerExampleMap:PersistentLevel.2DSideScrollerExampleMap' with GeneratedClass '/Game/2DSideScrollerBP/Maps/2DSideScrollerExampleMap.2DSideScrollerExampleMap_C' with ClassGeneratedBy '/Game/2DSideScrollerBP/Maps/2DSideScrollerExampleMap.2DSideScrollerExampleMap:PersistentLevel.2DSideScrollerExampleMap'
[2017.03.28-21.30.57:233][796]LogRenderer: Reallocating scene render targets to support 1292x756 NumSamples 1 (Frame:42635).
[2017.03.28-21.31.02:160][378]LogBlueprintUserMessages: Early EndPlayMap Detection: Level '/Game/2DSideScrollerBP/Maps/2DSideScrollerExampleMap.2DSideScrollerExampleMap:PersistentLevel' has LevelScriptBlueprint '/Game/2DSideScrollerBP/Maps/2DSideScrollerExampleMap.2DSideScrollerExampleMap:PersistentLevel.2DSideScrollerExampleMap' with GeneratedClass '/Game/2DSideScrollerBP/Maps/2DSideScrollerExampleMap.2DSideScrollerExampleMap_C' with ClassGeneratedBy '/Game/2DSideScrollerBP/Maps/2DSideScrollerExampleMap.2DSideScrollerExampleMap:PersistentLevel.2DSideScrollerExampleMap'
[2017.03.28-21.31.02:212][378]LogBlueprintUserMessages: Late EndPlayMap Detection: Level '/Game/2DSideScrollerBP/Maps/2DSideScrollerExampleMap.2DSideScrollerExampleMap:PersistentLevel' has LevelScriptBlueprint '/Game/2DSideScrollerBP/Maps/2DSideScrollerExampleMap.2DSideScrollerExampleMap:PersistentLevel.2DSideScrollerExampleMap' with GeneratedClass '/Game/2DSideScrollerBP/Maps/2DSideScrollerExampleMap.2DSideScrollerExampleMap_C' with ClassGeneratedBy '/Game/2DSideScrollerBP/Maps/2DSideScrollerExampleMap.2DSideScrollerExampleMap:PersistentLevel.2DSideScrollerExampleMap'
[2017.03.28-21.46.50:174][545]LogFactory: FactoryCreateFile: Texture with ReimportTextureFactory (0 0 C:\Users\Xenis\Desktop\GAME\Walls.png)
[2017.03.28-21.46.50:193][545]LogTexture:Display: Building textures: Walls (BGRA8)
[2017.03.28-21.48.00:080][586]LogFactory: FactoryCreateFile: Texture with ReimportTextureFactory (0 0 C:\Users\Xenis\Desktop\GAME\block.png)
[2017.03.28-21.48.00:084][586]LogTexture:Display: Building textures: block (BGRA8)
[2017.03.28-21.51.32:005][943]Cmd: QUIT_EDITOR
[2017.03.28-21.51.32:267][943]LogWindowsTextInputMethodSystem:Display: IME system now deactivated.
[2017.03.28-21.51.32:268][943]LogWindowsTextInputMethodSystem:Display: IME system now deactivated.
[2017.03.28-21.51.32:303][943]LogExit: Preparing to exit.
[2017.03.28-21.51.33:385][943]LogDirectoryWatcher: A directory notification for 'C:/Users/Xenis/Desktop/Project E/GAMEPROJECT/Content/' was aborted.
[2017.03.28-21.51.33:456][943]LogExit: Editor shut down
[2017.03.28-21.51.33:456][943]LogExit: Transaction tracking system shut down
[2017.03.28-21.51.33:537][943]LogObj: Freed 0b from 0 cluster array pools.
[2017.03.28-21.51.33:537][943]LogExit: Object subsystem successfully closed.
[2017.03.28-21.51.33:558][943]LogD3D11RHI: Shutdown
[2017.03.28-21.51.33:558][943]LogD3D11RHI: CleanupD3DDevice
[2017.03.28-21.51.33:644][943]LogD3D11RHI: ~FD3D11DynamicRHI
[2017.03.28-21.51.33:658][943]LogHttp:Display: Http module shutting down, but needs to wait on 1 outstanding Http requests:
[2017.03.28-21.51.33:658][943]LogHttp:Display: 	verb=[POST] url=[https://datarouter.ol.epicgames.com/datarouter/api/v1/public/data?SessionID=%7B19BA3629-46BF-0ACA-7964-CE969DC9EE4F%7D&AppID=UEEditor.Rocket.Release&AppVersion=4.14.3-3249277%2B%2B%2BUE4%2BRelease-4.14&UserID=9915b7fb44a4d35f38f5e8a21c908ffd%7Cbb677adf977d4d138d87f35fdd8815d9%7C69036296-78bb-4c97-91f7-3aef6f82f3c0&AppEnvironment=datacollector-binary&UploadType=eteventstream] status=Processing
[2017.03.28-21.51.33:662][943]LogModuleManager: Shutting down and abandoning module MovieSceneCapture (242)
[2017.03.28-21.51.33:662][943]LogModuleManager: Shutting down and abandoning module HierarchicalLODOutliner (241)
[2017.03.28-21.51.33:662][943]LogModuleManager: Shutting down and abandoning module CrashTracker (240)
[2017.03.28-21.51.33:662][943]LogModuleManager: Shutting down and abandoning module SceneOutliner (239)
[2017.03.28-21.51.33:662][943]LogModuleManager: Shutting down and abandoning module WidgetCarousel (238)
[2017.03.28-21.51.33:662][943]LogModuleManager: Shutting down and abandoning module AddContentDialog (237)
[2017.03.28-21.51.33:662][943]LogDirectoryWatcher: A directory notification for 'C:/Program Files (x86)/Epic Games/4.14/FeaturePacks/' was aborted.
[2017.03.28-21.51.33:668][943]LogModuleManager: Shutting down and abandoning module GameplayTags (236)
[2017.03.28-21.51.33:668][943]LogModuleManager: Shutting down and abandoning module EditorWidgets (235)
[2017.03.28-21.51.33:668][943]LogModuleManager: Shutting down and abandoning module CollectionManager (234)
[2017.03.28-21.51.33:668][943]LogDirectoryWatcher: A directory notification for 'C:/Users/Xenis/Desktop/Project E/GAMEPROJECT/Content/Collections/' was aborted.
[2017.03.28-21.51.33:668][943]LogDirectoryWatcher: A directory notification for 'C:/Users/Xenis/Desktop/Project E/GAMEPROJECT/Content/Developers/Xenis/Collections/' was aborted.
[2017.03.28-21.51.33:668][943]LogDirectoryWatcher: A directory notification for 'C:/Users/Xenis/Desktop/Project E/GAMEPROJECT/Saved/Collections/' was aborted.
[2017.03.28-21.51.33:668][943]LogModuleManager: Shutting down and abandoning module StatsViewer (233)
[2017.03.28-21.51.33:668][943]LogModuleManager: Shutting down and abandoning module FoliageEdit (232)
[2017.03.28-21.51.33:668][943]LogModuleManager: Shutting down and abandoning module LandscapeEditor (231)
[2017.03.28-21.51.33:668][943]LogModuleManager: Shutting down and abandoning module SceneDepthPickerMode (230)
[2017.03.28-21.51.33:668][943]LogModuleManager: Shutting down and abandoning module ActorPickerMode (229)
[2017.03.28-21.51.33:668][943]LogModuleManager: Shutting down and abandoning module GeometryMode (228)
[2017.03.28-21.51.33:668][943]LogModuleManager: Shutting down and abandoning module TextureAlignMode (227)
[2017.03.28-21.51.33:668][943]LogModuleManager: Shutting down and abandoning module BspMode (226)
[2017.03.28-21.51.33:668][943]LogModuleManager: Shutting down and abandoning module HardwareSurvey (225)
[2017.03.28-21.51.33:668][943]LogModuleManager: Shutting down and abandoning module SequenceRecorderSections (224)
[2017.03.28-21.51.33:668][943]LogModuleManager: Shutting down and abandoning module AutomationWorker (223)
[2017.03.28-21.51.33:668][943]LogModuleManager: Shutting down and abandoning module MatineeToLevelSequence (222)
[2017.03.28-21.51.33:668][943]LogModuleManager: Shutting down and abandoning module PlacementMode (221)
[2017.03.28-21.51.33:668][943]LogModuleManager: Shutting down and abandoning module LevelSequenceEditor (220)
[2017.03.28-21.51.33:669][943]LogModuleManager: Shutting down and abandoning module WmfMediaFactory (219)
[2017.03.28-21.51.33:669][943]LogModuleManager: Shutting down and abandoning module WmfMediaEditor (218)
[2017.03.28-21.51.33:669][943]LogModuleManager: Shutting down and abandoning module AvfMediaFactory (217)
[2017.03.28-21.51.33:669][943]LogModuleManager: Shutting down and abandoning module AvfMediaEditor (216)
[2017.03.28-21.51.33:669][943]LogModuleManager: Shutting down and abandoning module Media (215)
[2017.03.28-21.51.33:669][943]LogModuleManager: Shutting down and abandoning module AndroidMediaFactory (214)
[2017.03.28-21.51.33:669][943]LogModuleManager: Shutting down and abandoning module AndroidMediaEditor (213)
[2017.03.28-21.51.33:669][943]LogModuleManager: Shutting down and abandoning module CharacterAI (212)
[2017.03.28-21.51.33:669][943]LogModuleManager: Shutting down and abandoning module SequenceRecorder (211)
[2017.03.28-21.51.33:669][943]LogModuleManager: Shutting down and abandoning module AudioCapture (210)
[2017.03.28-21.51.33:669][943]LogModuleManager: Shutting down and abandoning module SmartSnapping (209)
[2017.03.28-21.51.33:669][943]LogModuleManager: Shutting down and abandoning module SessionServices (208)
[2017.03.28-21.51.33:669][943]LogModuleManager: Shutting down and abandoning module ViewportSnapping (207)
[2017.03.28-21.51.33:669][943]LogModuleManager: Shutting down and abandoning module ViewportInteraction (206)
[2017.03.28-21.51.33:669][943]LogModuleManager: Shutting down and abandoning module LogVisualizer (205)
[2017.03.28-21.51.33:669][943]LogModuleManager: Shutting down and abandoning module GameProjectGeneration (204)
[2017.03.28-21.51.33:669][943]LogModuleManager: Shutting down and abandoning module IntroTutorials (203)
[2017.03.28-21.51.33:669][943]LogModuleManager: Shutting down and abandoning module EditorLiveStreaming (202)
[2017.03.28-21.51.33:669][943]LogModuleManager: Shutting down and abandoning module IOSPlatformEditor (201)
[2017.03.28-21.51.33:669][943]LogModuleManager: Shutting down and abandoning module HTML5PlatformEditor (200)
[2017.03.28-21.51.33:669][943]LogModuleManager: Shutting down and abandoning module AndroidDeviceDetection (199)
[2017.03.28-21.51.34:485][943]LogModuleManager: Shutting down and abandoning module AndroidPlatformEditor (198)
[2017.03.28-21.51.34:485][943]LogModuleManager: Shutting down and abandoning module IOSRuntimeSettings (197)
[2017.03.28-21.51.34:485][943]LogModuleManager: Shutting down and abandoning module AndroidRuntimeSettings (196)
[2017.03.28-21.51.34:485][943]LogModuleManager: Shutting down and abandoning module InputBindingEditor (195)
[2017.03.28-21.51.34:485][943]LogModuleManager: Shutting down and abandoning module NiagaraEditor (194)
[2017.03.28-21.51.34:486][943]LogModuleManager: Shutting down and abandoning module MergeActors (193)
[2017.03.28-21.51.34:486][943]LogModuleManager: Shutting down and abandoning module SizeMap (192)
[2017.03.28-21.51.34:486][943]LogModuleManager: Shutting down and abandoning module TreeMap (191)
[2017.03.28-21.51.34:486][943]LogModuleManager: Shutting down and abandoning module ReferenceViewer (190)
[2017.03.28-21.51.34:486][943]LogModuleManager: Shutting down and abandoning module LocalizationService (189)
[2017.03.28-21.51.34:486][943]LogModuleManager: Shutting down and abandoning module LocalizationDashboard (188)
[2017.03.28-21.51.34:486][943]LogModuleManager: Shutting down and abandoning module HardwareTargeting (187)
[2017.03.28-21.51.34:486][943]LogModuleManager: Shutting down and abandoning module DeviceProfileEditor (186)
[2017.03.28-21.51.34:486][943]LogModuleManager: Shutting down and abandoning module UndoHistory (185)
[2017.03.28-21.51.34:486][943]LogModuleManager: Shutting down and abandoning module UserFeedback (184)
[2017.03.28-21.51.34:486][943]LogModuleManager: Shutting down and abandoning module XmlParser (183)
[2017.03.28-21.51.34:486][943]LogModuleManager: Shutting down and abandoning module Blutility (182)
[2017.03.28-21.51.34:486][943]LogModuleManager: Shutting down and abandoning module ProjectTargetPlatformEditor (181)
[2017.03.28-21.51.34:488][943]LogModuleManager: Shutting down and abandoning module ProjectSettingsViewer (180)
[2017.03.28-21.51.34:488][943]LogModuleManager: Shutting down and abandoning module EditorSettingsViewer (179)
[2017.03.28-21.51.34:488][943]LogModuleManager: Shutting down and abandoning module SettingsEditor (178)
[2017.03.28-21.51.34:488][943]LogModuleManager: Shutting down and abandoning module ProjectLauncher (177)
[2017.03.28-21.51.34:488][943]LogModuleManager: Shutting down and abandoning module SessionFrontend (176)
[2017.03.28-21.51.34:488][943]LogModuleManager: Shutting down and abandoning module ProfilerClient (175)
[2017.03.28-21.51.34:488][943]LogModuleManager: Shutting down and abandoning module TargetDeviceServices (174)
[2017.03.28-21.51.34:488][943]LogModuleManager: Shutting down and abandoning module DeviceManager (173)
[2017.03.28-21.51.34:529][943]LogModuleManager: Shutting down and abandoning module AutomationController (172)
[2017.03.28-21.51.34:529][943]LogModuleManager: Shutting down and abandoning module AutomationWindow (171)
[2017.03.28-21.51.34:529][943]LogModuleManager: Shutting down and abandoning module Layers (170)
[2017.03.28-21.51.34:529][943]LogModuleManager: Shutting down and abandoning module ComponentVisualizers (169)
[2017.03.28-21.51.34:529][943]LogModuleManager: Shutting down and abandoning module DetailCustomizations (168)
[2017.03.28-21.51.34:529][943]LogModuleManager: Shutting down and abandoning module PackagesDialog (167)
[2017.03.28-21.51.34:530][943]LogModuleManager: Shutting down and abandoning module AnimGraph (166)
[2017.03.28-21.51.34:530][943]LogModuleManager: Shutting down and abandoning module Persona (165)
[2017.03.28-21.51.34:530][943]LogModuleManager: Shutting down and abandoning module Kismet (164)
[2017.03.28-21.51.34:530][943]LogModuleManager: Shutting down and abandoning module GraphEditor (163)
[2017.03.28-21.51.34:530][943]LogModuleManager: Shutting down and abandoning module ClassViewer (162)
[2017.03.28-21.51.34:530][943]LogModuleManager: Shutting down and abandoning module Toolbox (161)
[2017.03.28-21.51.34:530][943]LogModuleManager: Shutting down and abandoning module ModuleUI (160)
[2017.03.28-21.51.34:530][943]LogModuleManager: Shutting down and abandoning module MovieSceneTools (159)
[2017.03.28-21.51.34:530][943]LogModuleManager: Shutting down and abandoning module OutputLog (158)
[2017.03.28-21.51.34:530][943]LogModuleManager: Shutting down and abandoning module GammaUI (157)
[2017.03.28-21.51.34:530][943]LogModuleManager: Shutting down and abandoning module Documentation (156)
[2017.03.28-21.51.34:530][943]LogModuleManager: Shutting down and abandoning module Niagara (155)
[2017.03.28-21.51.34:530][943]LogModuleManager: Shutting down and abandoning module StreamingPauseRendering (154)
[2017.03.28-21.51.34:530][943]LogModuleManager: Shutting down and abandoning module AnalyticsET (153)
[2017.03.28-21.51.34:530][943]LogModuleManager: Shutting down and abandoning module PortalServices (152)
[2017.03.28-21.51.34:530][943]LogModuleManager: Shutting down and abandoning module PortalRpc (151)
[2017.03.28-21.51.34:530][943]LogModuleManager: Shutting down and abandoning module MessagingRpc (150)
[2017.03.28-21.51.34:530][943]LogModuleManager: Shutting down and abandoning module GameplayDebugger (149)
[2017.03.28-21.51.34:530][943]LogModuleManager: Shutting down and abandoning module AITestSuite (148)
[2017.03.28-21.51.34:530][943]LogModuleManager: Shutting down and abandoning module AIModule (147)
[2017.03.28-21.51.34:530][943]LogModuleManager: Shutting down and abandoning module ProfilerService (146)
[2017.03.28-21.51.34:531][943]LogModuleManager: Shutting down and abandoning module TaskGraph (145)
[2017.03.28-21.51.34:531][943]LogModuleManager: Shutting down and abandoning module SlateRemote (144)
[2017.03.28-21.51.34:531][943]LogModuleManager: Shutting down and abandoning module SteamVRController (143)
[2017.03.28-21.51.34:531][943]LogModuleManager: Shutting down and abandoning module SteamVR (142)
[2017.03.28-21.51.34:531][943]LogModuleManager: Shutting down and abandoning module ProceduralMeshComponentEditor (141)
[2017.03.28-21.51.34:531][943]LogModuleManager: Shutting down and abandoning module ProceduralMeshComponent (140)
[2017.03.28-21.51.34:531][943]LogModuleManager: Shutting down and abandoning module OculusLibrary (139)
[2017.03.28-21.51.34:531][943]LogModuleManager: Shutting down and abandoning module OculusInput (138)
[2017.03.28-21.51.34:531][943]LogModuleManager: Shutting down and abandoning module MobilePatchingUtils (137)
[2017.03.28-21.51.34:531][943]LogModuleManager: Shutting down and abandoning module CustomMeshComponent (136)
[2017.03.28-21.51.34:531][943]LogModuleManager: Shutting down and abandoning module CableComponent (135)
[2017.03.28-21.51.34:531][943]LogModuleManager: Shutting down and abandoning module ArchVisCharacter (134)
[2017.03.28-21.51.34:531][943]LogModuleManager: Shutting down and abandoning module MediaPlayerEditor (132)
[2017.03.28-21.51.34:531][943]LogModuleManager: Shutting down and abandoning module HTML5Networking (131)
[2017.03.28-21.51.34:531][943]LogModuleManager: Shutting down and abandoning module GeometryCacheEd (130)
[2017.03.28-21.51.34:531][943]LogModuleManager: Shutting down and abandoning module GeometryCache (129)
[2017.03.28-21.51.34:531][943]LogModuleManager: Shutting down and abandoning module AlembicLibrary (128)
[2017.03.28-21.51.34:531][943]LogModuleManager: Shutting down and abandoning module AlembicImporter (127)
[2017.03.28-21.51.34:531][943]LogModuleManager: Shutting down and abandoning module SuperSearch (126)
[2017.03.28-21.51.34:531][943]LogModuleManager: Shutting down and abandoning module SuperSearchEditor (125)
[2017.03.28-21.51.34:531][943]LogModuleManager: Shutting down and abandoning module SpeedTreeImporter (124)
[2017.03.28-21.51.34:531][943]LogModuleManager: Shutting down and abandoning module PluginBrowser (123)
[2017.03.28-21.51.34:531][943]LogModuleManager: Shutting down and abandoning module MobileLauncherProfileWizard (122)
[2017.03.28-21.51.34:531][943]LogModuleManager: Shutting down and abandoning module EpicSurvey (121)
[2017.03.28-21.51.34:531][943]LogModuleManager: Shutting down and abandoning module DesktopPlatform (120)
[2017.03.28-21.51.34:531][943]LogModuleManager: Shutting down and abandoning module VisualStudioSourceCodeAccess (119)
[2017.03.28-21.51.34:531][943]LogModuleManager: Shutting down and abandoning module UObjectPlugin (118)
[2017.03.28-21.51.34:531][943]LogModuleManager: Shutting down and abandoning module SubversionSourceControl (117)
[2017.03.28-21.51.34:531][943]LogModuleManager: Shutting down and abandoning module PerforceSourceControl (116)
[2017.03.28-21.51.34:531][943]LogModuleManager: Shutting down and abandoning module SourceControl (115)
[2017.03.28-21.51.34:532][943]LogModuleManager: Shutting down and abandoning module GitSourceControl (114)
[2017.03.28-21.51.34:532][943]LogModuleManager: Shutting down and abandoning module LightPropagationVolumeEditor (113)
[2017.03.28-21.51.34:532][943]LogModuleManager: Shutting down and abandoning module PaperTiledImporter (112)
[2017.03.28-21.51.34:532][943]LogModuleManager: Shutting down and abandoning module PaperSpriteSheetImporter (111)
[2017.03.28-21.51.34:532][943]LogModuleManager: Shutting down and abandoning module MeshPaint (110)
[2017.03.28-21.51.34:532][943]LogModuleManager: Shutting down and abandoning module PixelInspectorModule (109)
[2017.03.28-21.51.34:532][943]LogModuleManager: Shutting down and abandoning module HotReload (108)
[2017.03.28-21.51.34:532][943]LogModuleManager: Shutting down and abandoning module MainFrame (107)
[2017.03.28-21.51.34:532][943]LogModuleManager: Shutting down and abandoning module LevelEditor (106)
[2017.03.28-21.51.34:533][943]LogModuleManager: Shutting down and abandoning module ContentBrowser (105)
[2017.03.28-21.51.34:535][943]LogModuleManager: Shutting down and abandoning module Paper2DEditor (104)
[2017.03.28-21.51.34:535][943]LogModuleManager: Shutting down and abandoning module UdpMessaging (103)
[2017.03.28-21.51.34:636][943]LogModuleManager: Shutting down and abandoning module TcpMessaging (102)
[2017.03.28-21.51.34:736][943]LogModuleManager: Shutting down and abandoning module LightPropagationVolumeRuntime (101)
[2017.03.28-21.51.34:736][943]LogModuleManager: Shutting down and abandoning module Paper2D (100)
[2017.03.28-21.51.34:736][943]LogModuleManager: Shutting down and abandoning module WindowsMoviePlayer (99)
[2017.03.28-21.51.34:736][943]LogModuleManager: Shutting down and abandoning module WmfMedia (98)
[2017.03.28-21.51.34:737][943]LogModuleManager: Shutting down and abandoning module MediaAssets (97)
[2017.03.28-21.51.34:737][943]LogModuleManager: Shutting down and abandoning module GameLiveStreaming (96)
[2017.03.28-21.51.34:737][943]LogModuleManager: Shutting down and abandoning module GameplayTagsEditor (95)
[2017.03.28-21.51.34:737][943]LogModuleManager: Shutting down and abandoning module VREditor (94)
[2017.03.28-21.51.34:738][943]LogModuleManager: Shutting down and abandoning module GameplayTasksEditor (93)
[2017.03.28-21.51.34:738][943]LogModuleManager: Shutting down and abandoning module BehaviorTreeEditor (92)
[2017.03.28-21.51.34:738][943]LogModuleManager: Shutting down and abandoning module FunctionalTesting (91)
[2017.03.28-21.51.34:738][943]LogModuleManager: Shutting down and abandoning module CollisionAnalyzer (90)
[2017.03.28-21.51.34:738][943]LogModuleManager: Shutting down and abandoning module Sequencer (89)
[2017.03.28-21.51.34:738][943]LogModuleManager: Shutting down and abandoning module WorkspaceMenuStructure (88)
[2017.03.28-21.51.34:738][943]LogModuleManager: Shutting down and abandoning module MessageLog (87)
[2017.03.28-21.51.34:738][943]LogModuleManager: Shutting down and abandoning module AssetTools (86)
[2017.03.28-21.51.34:739][943]LogModuleManager: Shutting down and abandoning module UMGEditor (85)
[2017.03.28-21.51.34:739][943]LogModuleManager: Shutting down and abandoning module UMG (84)
[2017.03.28-21.51.34:739][943]LogModuleManager: Shutting down and abandoning module SlateReflector (83)
[2017.03.28-21.51.34:739][943]LogModuleManager: Shutting down and abandoning module Slate (82)
[2017.03.28-21.51.34:739][943]LogModuleManager: Shutting down and abandoning module EditorStyle (81)
[2017.03.28-21.51.34:746][943]LogModuleManager: Shutting down and abandoning module SourceCodeAccess (80)
[2017.03.28-21.51.34:746][943]LogModuleManager: Shutting down and abandoning module HeadMountedDisplay (79)
[2017.03.28-21.51.34:746][943]LogModuleManager: Shutting down and abandoning module XAudio2 (78)
[2017.03.28-21.51.34:746][943]LogModuleManager: Shutting down and abandoning module Networking (76)
[2017.03.28-21.51.34:746][943]LogModuleManager: Shutting down and abandoning module Core (75)
[2017.03.28-21.51.34:746][943]LogModuleManager: Shutting down and abandoning module DirectoryWatcher (74)
[2017.03.28-21.51.34:746][943]LogDirectoryWatcher: A directory notification for '../../../Engine/Content/' was aborted.
[2017.03.28-21.51.34:747][943]LogDirectoryWatcher: A directory notification for '../../../../../../Users/Xenis/Desktop/Project E/GAMEPROJECT/Content/' was aborted.
[2017.03.28-21.51.34:748][943]LogDirectoryWatcher: A directory notification for '../../../Engine/Plugins/2D/Paper2D/Content/' was aborted.
[2017.03.28-21.51.34:754][943]LogModuleManager: Shutting down and abandoning module AssetRegistry (73)
[2017.03.28-21.51.34:928][943]LogModuleManager: Shutting down and abandoning module KismetCompiler (72)
[2017.03.28-21.51.34:928][943]LogModuleManager: Shutting down and abandoning module PhysXFormats (71)
[2017.03.28-21.51.34:928][943]LogModuleManager: Shutting down and abandoning module SimplygonSwarm (70)
[2017.03.28-21.51.34:928][943]LogModuleManager: Shutting down and abandoning module SimplygonMeshReduction (69)
[2017.03.28-21.51.34:928][943]LogModuleManager: Shutting down and abandoning module QuadricMeshReduction (68)
[2017.03.28-21.51.34:928][943]LogModuleManager: Shutting down and abandoning module PropertyEditor (67)
[2017.03.28-21.51.34:928][943]LogModuleManager: Shutting down and abandoning module MeshUtilities (66)
[2017.03.28-21.51.34:928][943]LogModuleManager: Shutting down and abandoning module DerivedDataCache (65)
[2017.03.28-21.51.34:944][943]LogDerivedDataCache: Shutdown
[2017.03.28-21.51.34:944][943]LogModuleManager: Shutting down and abandoning module VulkanShaderFormat (64)
[2017.03.28-21.51.34:944][943]LogModuleManager: Shutting down and abandoning module ShaderFormatOpenGL (63)
[2017.03.28-21.51.34:944][943]LogModuleManager: Shutting down and abandoning module ShaderFormatD3D (62)
[2017.03.28-21.51.34:944][943]LogModuleManager: Shutting down and abandoning module MetalShaderFormat (61)
[2017.03.28-21.51.34:944][943]LogModuleManager: Shutting down and abandoning module TextureFormatUncompressed (60)
[2017.03.28-21.51.34:944][943]LogModuleManager: Shutting down and abandoning module TextureFormatPVR (59)
[2017.03.28-21.51.34:944][943]LogModuleManager: Shutting down and abandoning module TextureFormatDXT (58)
[2017.03.28-21.51.34:944][943]LogModuleManager: Shutting down and abandoning module TextureFormatIntelISPCTexComp (57)
[2017.03.28-21.51.34:944][943]LogModuleManager: Shutting down and abandoning module ImageWrapper (56)
[2017.03.28-21.51.34:944][943]LogModuleManager: Shutting down and abandoning module TextureFormatASTC (55)
[2017.03.28-21.51.34:944][943]LogModuleManager: Shutting down and abandoning module TextureFormatAndroid (54)
[2017.03.28-21.51.34:944][943]LogModuleManager: Shutting down and abandoning module AudioFormatOpus (53)
[2017.03.28-21.51.34:944][943]LogModuleManager: Shutting down and abandoning module AudioFormatOgg (52)
[2017.03.28-21.51.34:944][943]LogModuleManager: Shutting down and abandoning module AudioFormatADPCM (51)
[2017.03.28-21.51.34:944][943]LogModuleManager: Shutting down and abandoning module LinuxTargetPlatform (50)
[2017.03.28-21.51.34:944][943]LogModuleManager: Shutting down and abandoning module LinuxServerTargetPlatform (49)
[2017.03.28-21.51.34:944][943]LogModuleManager: Shutting down and abandoning module LinuxNoEditorTargetPlatform (48)
[2017.03.28-21.51.34:944][943]LogModuleManager: Shutting down and abandoning module LinuxClientTargetPlatform (47)
[2017.03.28-21.51.34:944][943]LogModuleManager: Shutting down and abandoning module TVOSTargetPlatform (46)
[2017.03.28-21.51.34:944][943]LogModuleManager: Shutting down and abandoning module Messaging (45)
[2017.03.28-21.51.34:944][943]LogModuleManager: Shutting down and abandoning module IOSTargetPlatform (44)
[2017.03.28-21.51.34:944][943]LogModuleManager: Shutting down and abandoning module HTML5TargetPlatform (43)
[2017.03.28-21.51.34:944][943]LogModuleManager: Shutting down and abandoning module Android_PVRTCTargetPlatform (42)
[2017.03.28-21.51.34:945][943]LogModuleManager: Shutting down and abandoning module Android_MultiTargetPlatform (41)
[2017.03.28-21.51.34:945][943]LogModuleManager: Shutting down and abandoning module Android_ETC2TargetPlatform (40)
[2017.03.28-21.51.34:945][943]LogModuleManager: Shutting down and abandoning module Android_ETC1TargetPlatform (39)
[2017.03.28-21.51.34:945][943]LogModuleManager: Shutting down and abandoning module Android_DXTTargetPlatform (38)
[2017.03.28-21.51.34:945][943]LogModuleManager: Shutting down and abandoning module Android_ATCTargetPlatform (37)
[2017.03.28-21.51.34:945][943]LogModuleManager: Shutting down and abandoning module Android_ASTCTargetPlatform (36)
[2017.03.28-21.51.34:945][943]LogModuleManager: Shutting down and abandoning module AndroidTargetPlatform (35)
[2017.03.28-21.51.34:945][943]LogModuleManager: Shutting down and abandoning module WindowsTargetPlatform (34)
[2017.03.28-21.51.34:945][943]LogModuleManager: Shutting down and abandoning module WindowsServerTargetPlatform (33)
[2017.03.28-21.51.34:945][943]LogModuleManager: Shutting down and abandoning module WindowsNoEditorTargetPlatform (32)
[2017.03.28-21.51.34:945][943]LogModuleManager: Shutting down and abandoning module WindowsClientTargetPlatform (31)
[2017.03.28-21.51.34:945][943]LogModuleManager: Shutting down and abandoning module MacTargetPlatform (30)
[2017.03.28-21.51.34:945][943]LogModuleManager: Shutting down and abandoning module MacServerTargetPlatform (29)
[2017.03.28-21.51.34:945][943]LogModuleManager: Shutting down and abandoning module MacNoEditorTargetPlatform (28)
[2017.03.28-21.51.34:945][943]LogModuleManager: Shutting down and abandoning module MacClientTargetPlatform (27)
[2017.03.28-21.51.34:945][943]LogModuleManager: Shutting down and abandoning module AllDesktopTargetPlatform (26)
[2017.03.28-21.51.34:945][943]LogModuleManager: Shutting down and abandoning module TargetPlatform (25)
[2017.03.28-21.51.34:945][943]LogModuleManager: Shutting down and abandoning module InputCore (24)
[2017.03.28-21.51.34:945][943]LogModuleManager: Shutting down and abandoning module Settings (23)
[2017.03.28-21.51.34:945][943]LogModuleManager: Shutting down and abandoning module OculusRift (22)
[2017.03.28-21.51.34:945][943]LogModuleManager: Shutting down and abandoning module ExampleDeviceProfileSelector (21)
[2017.03.28-21.51.34:945][943]LogModuleManager: Shutting down and abandoning module OnlineBlueprintSupport (20)
[2017.03.28-21.51.34:945][943]LogModuleManager: Shutting down and abandoning module OnlineSubsystem (18)
[2017.03.28-21.51.34:945][943]LogOnline:Display: Unloading online subsystem: NULL
[2017.03.28-21.51.34:945][943]LogModuleManager: Shutting down and abandoning module SSL (17)
[2017.03.28-21.51.34:946][943]LogModuleManager: Shutting down and abandoning module HTTP (16)
[2017.03.28-21.51.34:946][943]LogModuleManager: Shutting down and abandoning module XMPP (15)
[2017.03.28-21.51.34:946][943]LogModuleManager: Shutting down and abandoning module TextureCompressor (14)
[2017.03.28-21.51.34:946][943]LogModuleManager: Shutting down and abandoning module ShaderCore (13)
[2017.03.28-21.51.34:946][943]LogModuleManager: Shutting down and abandoning module Landscape (12)
[2017.03.28-21.51.34:946][943]LogModuleManager: Shutting down and abandoning module SlateRHIRenderer (11)
[2017.03.28-21.51.34:949][943]LogModuleManager: Shutting down and abandoning module OpenGLDrv (10)
[2017.03.28-21.51.34:949][943]LogModuleManager: Shutting down and abandoning module D3D11RHI (9)
[2017.03.28-21.51.34:949][943]LogModuleManager: Shutting down and abandoning module AnimGraphRuntime (8)
[2017.03.28-21.51.34:949][943]LogModuleManager: Shutting down and abandoning module Renderer (7)
[2017.03.28-21.51.34:949][943]LogModuleManager: Shutting down and abandoning module Engine (6)
[2017.03.28-21.51.34:949][943]LogModuleManager: Shutting down and abandoning module CoreUObject (5)
[2017.03.28-21.51.34:949][943]LogModuleManager: Shutting down and abandoning module NetworkFile (4)
[2017.03.28-21.51.34:949][943]LogModuleManager: Shutting down and abandoning module StreamingFile (3)
[2017.03.28-21.51.34:949][943]LogModuleManager: Shutting down and abandoning module SandboxFile (2)
[2017.03.28-21.51.34:949][943]LogModuleManager: Shutting down and abandoning module PakFile (1)
[2017.03.28-21.51.34:951][943]LogExit: Exiting.
[2017.03.28-21.51.34:963][943]Log file closed, 03/28/17 22:51:34
